<?xml version="1.0" encoding="UTF-8"?>
<!-- Generated by org.testng.reporters.JUnitReportReporter -->
<testsuite hostname="BLRPRGGWN22980" name="com.itc.test.AddUserAsSuperAdminTest" tests="2" failures="0" timestamp="16 Apr 2017 03:44:54 GMT" time="43.592" errors="0">
  <testcase name="verifyGecosSuperAdmin" time="33.691" classname="com.itc.test.AddUserAsSuperAdminTest"/>
  <testcase name="verifyLoginPage" time="9.901" classname="com.itc.test.AddUserAsSuperAdminTest"/>
</testsuite> <!-- com.itc.test.AddUserAsSuperAdminTest -->
