<?xml version="1.0" encoding="UTF-8"?>
<!-- Generated by org.testng.reporters.JUnitReportReporter -->
<testsuite hostname="BLRPRGGWN22980" name="com.itc.test.RejectTrialTest" tests="2" failures="0" timestamp="26 Apr 2017 06:38:53 GMT" time="86.768" errors="0">
  <testcase name="verifyLogin" time="17.689" classname="com.itc.test.RejectTrialTest"/>
  <testcase name="verifyApproveTrial" time="69.079" classname="com.itc.test.RejectTrialTest"/>
</testsuite> <!-- com.itc.test.RejectTrialTest -->
