<?xml version="1.0" encoding="UTF-8"?>
<!-- Generated by org.testng.reporters.JUnitReportReporter -->
<testsuite hostname="BLRPRGGWN22980" name="com.itc.test.StopTrialtest" tests="2" failures="0" timestamp="17 Apr 2017 16:53:51 GMT" time="53.525" errors="0">
  <testcase name="verifyLogin" time="10.559" classname="com.itc.test.StopTrialtest"/>
  <testcase name="verifyStartTrialForBESBundle" time="42.966" classname="com.itc.test.StopTrialtest"/>
</testsuite> <!-- com.itc.test.StopTrialtest -->
