<?xml version="1.0" encoding="UTF-8"?>
<!-- Generated by org.testng.reporters.JUnitReportReporter -->
<testsuite hostname="BLRPRGGWN22980" name="com.itc.test.AdminAndSuperAdminRolesTest" tests="3" failures="0" timestamp="16 Apr 2017 03:44:54 GMT" time="13.411" errors="0">
  <testcase name="verifyHomePageDisplay" time="10.629" classname="com.itc.test.AdminAndSuperAdminRolesTest"/>
  <testcase name="verifyManageTrialsPageDisplay" time="0.164" classname="com.itc.test.AdminAndSuperAdminRolesTest"/>
  <testcase name="verifyDeleteTrialsPageDisplay" time="2.618" classname="com.itc.test.AdminAndSuperAdminRolesTest"/>
</testsuite> <!-- com.itc.test.AdminAndSuperAdminRolesTest -->
