<?xml version="1.0" encoding="UTF-8"?>
<!-- Generated by org.testng.reporters.JUnitReportReporter -->
<testsuite hostname="BLRPRGGWN22980" name="com.itc.test.AddUserInCCNotificationTest" tests="2" failures="0" timestamp="3 May 2017 09:45:26 GMT" time="31.315" errors="0">
  <testcase name="verifyUserAddedasCC" time="10.394" classname="com.itc.test.AddUserInCCNotificationTest"/>
  <testcase name="verifyHomePageDisplay" time="20.921" classname="com.itc.test.AddUserInCCNotificationTest"/>
</testsuite> <!-- com.itc.test.AddUserInCCNotificationTest -->
