<?xml version="1.0" encoding="UTF-8"?>
<!-- Generated by org.testng.reporters.JUnitReportReporter -->
<testsuite hostname="BLRPRGGWN22980" name="com.itc.test.UserAsAdminAndSuperAdminTest" tests="3" failures="0" timestamp="16 Apr 2017 03:44:54 GMT" time="43.736" errors="0">
  <testcase name="verifyLoginPage" time="10.961" classname="com.itc.test.UserAsAdminAndSuperAdminTest"/>
  <testcase name="verifyGecosAdminPage" time="27.315" classname="com.itc.test.UserAsAdminAndSuperAdminTest"/>
  <testcase name="verifyGecosSuperAdminPage" time="5.460" classname="com.itc.test.UserAsAdminAndSuperAdminTest"/>
</testsuite> <!-- com.itc.test.UserAsAdminAndSuperAdminTest -->
