<?xml version="1.0" encoding="UTF-8"?>
<!-- Generated by org.testng.reporters.JUnitReportReporter -->
<testsuite hostname="BLRPRGGWN22980" name="com.itc.test.SearchSpecialCharInStartTrialTest" tests="2" failures="0" timestamp="26 Apr 2017 10:39:09 GMT" time="39.532" errors="0">
  <testcase name="verifyLogin" time="30.137" classname="com.itc.test.SearchSpecialCharInStartTrialTest"/>
  <testcase name="verifySpecialCharForAppname" time="9.395" classname="com.itc.test.SearchSpecialCharInStartTrialTest"/>
</testsuite> <!-- com.itc.test.SearchSpecialCharInStartTrialTest -->
