<?xml version="1.0" encoding="UTF-8"?>
<!-- Generated by org.testng.reporters.JUnitReportReporter -->
<testsuite hostname="BLRPRGGWN22980" name="com.itc.test.StartBESTrialTest" tests="2" failures="0" timestamp="17 Apr 2017 10:32:12 GMT" time="97.666" errors="0">
  <testcase name="verifyStartTrialForBESBundle" time="74.465" classname="com.itc.test.StartBESTrialTest"/>
  <testcase name="verifyLogin" time="23.201" classname="com.itc.test.StartBESTrialTest"/>
</testsuite> <!-- com.itc.test.StartBESTrialTest -->
