<?xml version="1.0" encoding="UTF-8"?>
<!-- Generated by org.testng.reporters.JUnitReportReporter -->
<testsuite hostname="BLRPRGGWN22980" name="com.itc.test.SearchEmptyDataWithCFNTest" tests="1" failures="0" timestamp="26 Apr 2017 10:15:08 GMT" time="98.338" errors="0">
  <testcase name="verifyLogin" time="98.338" classname="com.itc.test.SearchEmptyDataWithCFNTest"/>
</testsuite> <!-- com.itc.test.SearchEmptyDataWithCFNTest -->
