<?xml version="1.0" encoding="UTF-8"?>
<!-- Generated by org.testng.reporters.JUnitReportReporter -->
<testsuite hostname="BLRPRGGWN22980" name="com.itc.test.AddUserAsAdminTest" tests="2" failures="0" timestamp="16 Apr 2017 03:44:54 GMT" time="43.610" errors="0">
  <testcase name="verifyLoginPage" time="10.438" classname="com.itc.test.AddUserAsAdminTest"/>
  <testcase name="verifyGecosAdminPage" time="33.172" classname="com.itc.test.AddUserAsAdminTest"/>
</testsuite> <!-- com.itc.test.AddUserAsAdminTest -->
