<?xml version="1.0" encoding="UTF-8"?>
<!-- Generated by org.testng.reporters.JUnitReportReporter -->
<testsuite hostname="BLRPRGGWN22980" name="com.itc.test.StartISVTrialInGecosTest" tests="2" failures="0" timestamp="16 Apr 2017 03:44:54 GMT" time="67.103" errors="0">
  <testcase name="verifyLogin" time="30.206" classname="com.itc.test.StartISVTrialInGecosTest"/>
  <testcase name="verifyStartTrialForISVApp" time="36.897" classname="com.itc.test.StartISVTrialInGecosTest"/>
</testsuite> <!-- com.itc.test.StartISVTrialInGecosTest -->
