<?xml version="1.0" encoding="UTF-8"?>
<!-- Generated by org.testng.reporters.JUnitReportReporter -->
<testsuite hostname="BLRPRGGWN22980" name="com.itc.test.SuperAdminRolesTest" tests="2" failures="0" timestamp="16 Apr 2017 03:44:54 GMT" time="43.703" errors="0">
  <testcase name="verifyManageTrialsPageDisplay" time="30.107" classname="com.itc.test.SuperAdminRolesTest"/>
  <testcase name="verifyHomePageDisplay" time="13.596" classname="com.itc.test.SuperAdminRolesTest"/>
</testsuite> <!-- com.itc.test.SuperAdminRolesTest -->
