<?xml version="1.0" encoding="UTF-8"?>
<!-- Generated by org.testng.reporters.JUnitReportReporter -->
<testsuite hostname="BLRPRGGWN22980" name="com.itc.test.StartTrialForNormalBundleTest" tests="2" failures="0" timestamp="16 Apr 2017 03:44:54 GMT" time="45.456" errors="0">
  <testcase name="verifyStartTrialForBESBundle" time="35.055" classname="com.itc.test.StartTrialForNormalBundleTest"/>
  <testcase name="verifyLogin" time="10.401" classname="com.itc.test.StartTrialForNormalBundleTest"/>
</testsuite> <!-- com.itc.test.StartTrialForNormalBundleTest -->
