<?xml version="1.0" encoding="UTF-8"?>
<!-- Generated by org.testng.reporters.JUnitReportReporter -->
<testsuite hostname="BLRPRGGWN22980" name="com.itc.test.AdminRolesTest" tests="3" failures="0" timestamp="16 Apr 2017 03:44:54 GMT" time="41.687" errors="0">
  <testcase name="verifyManageTrialsPageDisplay" time="0.014" classname="com.itc.test.AdminRolesTest"/>
  <testcase name="verifyHomePageDisplay" time="10.114" classname="com.itc.test.AdminRolesTest"/>
  <testcase name="verifyDeleteTrialsPageDisplay" time="31.559" classname="com.itc.test.AdminRolesTest"/>
</testsuite> <!-- com.itc.test.AdminRolesTest -->
