<?xml version="1.0" encoding="UTF-8"?>
<!-- Generated by org.testng.reporters.JUnitReportReporter -->
<testsuite hostname="BLRPRGGWN22980" name="com.itc.test.ExtendTrialtest" tests="2" failures="0" timestamp="17 Apr 2017 12:49:01 GMT" time="81.331" errors="0">
  <testcase name="verifyStartTrialForBESBundle" time="66.048" classname="com.itc.test.ExtendTrialtest"/>
  <testcase name="verifyLogin" time="15.283" classname="com.itc.test.ExtendTrialtest"/>
</testsuite> <!-- com.itc.test.ExtendTrialtest -->
