<?xml version="1.0" encoding="UTF-8"?>
<!-- Generated by org.testng.reporters.JUnitReportReporter -->
<testsuite hostname="BLRPRGGWN22980" name="com.itc.test.SearchSpecialCharInAppConfigTest" tests="2" failures="0" timestamp="26 Apr 2017 10:41:17 GMT" time="35.245" errors="0">
  <testcase name="verifyLogin" time="27.989" classname="com.itc.test.SearchSpecialCharInAppConfigTest"/>
  <testcase name="verifySpecialCharForAppname" time="7.256" classname="com.itc.test.SearchSpecialCharInAppConfigTest"/>
</testsuite> <!-- com.itc.test.SearchSpecialCharInAppConfigTest -->
