<?xml version="1.0" encoding="UTF-8"?>
<!-- Generated by org.testng.reporters.JUnitReportReporter -->
<testsuite hostname="BLRPRGGWN22980" name="com.itc.test.SearchSpecialCharForCustInMngTrialTest" tests="2" failures="0" timestamp="19 Apr 2017 10:40:00 GMT" time="24.215" errors="0">
  <testcase name="verifyLogin" time="12.894" classname="com.itc.test.SearchSpecialCharForCustInMngTrialTest"/>
  <testcase name="verifySpecialCharForAppname" time="11.321" classname="com.itc.test.SearchSpecialCharForCustInMngTrialTest"/>
</testsuite> <!-- com.itc.test.SearchSpecialCharForCustInMngTrialTest -->
