<?xml version="1.0" encoding="UTF-8"?>
<!-- Generated by org.testng.reporters.JUnitReportReporter -->
<testsuite hostname="BLRPRGGWN22980" name="com.itc.test.RemoveUserInCCNotificationTest" tests="2" failures="0" timestamp="5 May 2017 06:01:24 GMT" time="48.912" errors="0">
  <testcase name="verifyUserAddedasCC" time="38.430" classname="com.itc.test.RemoveUserInCCNotificationTest"/>
  <testcase name="verifyHomePageDisplay" time="10.482" classname="com.itc.test.RemoveUserInCCNotificationTest"/>
</testsuite> <!-- com.itc.test.RemoveUserInCCNotificationTest -->
