<?xml version="1.0" encoding="UTF-8"?>
<!-- Generated by org.testng.reporters.JUnitReportReporter -->
<testsuite hostname="BLRPRGGWN22980" name="com.itc.test.DeleteTrialTest" tests="2" failures="0" timestamp="26 Apr 2017 08:22:15 GMT" time="76.237" errors="0">
  <testcase name="verifyApproveTrial" time="61.481" classname="com.itc.test.DeleteTrialTest"/>
  <testcase name="verifyLogin" time="14.756" classname="com.itc.test.DeleteTrialTest"/>
</testsuite> <!-- com.itc.test.DeleteTrialTest -->
